[2019-07-01 18:29:05.044] [renderer1] [error] Error: Error: ENOENT: no such file or directory, stat '/important/Arkademy/Week#02/AwesomeNotes/.vscode'
[2019-07-01 18:33:06.886] [renderer1] [error] TypeScript Server Error (3.5.1)
Debug Failure. False expression: This failure could trigger https://github.com/Microsoft/TypeScript/issues/20809
Error: Debug Failure. False expression: This failure could trigger https://github.com/Microsoft/TypeScript/issues/20809
    at getErrorSpanForNode (tsserver.js:9383:22)
    at createDiagnosticForNodeInSourceFile (tsserver.js:9296:20)
    at Object.createDiagnosticForNode (tsserver.js:9287:16)
    at checkNode (tsserver.js:118152:36)
    at getRangeToExtract (tsserver.js:118071:53)
    at Object.getAvailableActions (tsserver.js:117879:38)
    at tsserver.js:112870:128
    at getIterator (tsserver.js:627:23)
    at Object.next (tsserver.js:622:35)
    at Object.arrayFrom (tsserver.js:1255:32)
    at Object.getApplicableRefactors (tsserver.js:112869:23)
    at Object.getApplicableRefactors (tsserver.js:122632:32)
    at IOSession.Session.getApplicableRefactors (tsserver.js:131393:53)
    at Session.handlers.ts.createMapFromTemplate._a.(anonymous function) (tsserver.js:130211:61)
    at tsserver.js:131637:88
    at IOSession.Session.executeWithRequestId (tsserver.js:131628:28)
    at IOSession.Session.executeCommand (tsserver.js:131637:33)
    at IOSession.Session.onMessage (tsserver.js:131659:35)
    at Interface.<anonymous> (tsserver.js:132950:27)
    at Interface.emit (events.js:182:13)
    at Interface._onLine (readline.js:290:10)
    at Interface._normalWrite (readline.js:433:12)
    at Socket.ondata (readline.js:149:10)
    at Socket.emit (events.js:182:13)
    at addChunk (_stream_readable.js:279:12)
    at readableAddChunk (_stream_readable.js:264:11)
    at Socket.Readable.push (_stream_readable.js:219:10)
    at Pipe.onread (net.js:636:20): Error: TypeScript Server Error (3.5.1)
Debug Failure. False expression: This failure could trigger https://github.com/Microsoft/TypeScript/issues/20809
Error: Debug Failure. False expression: This failure could trigger https://github.com/Microsoft/TypeScript/issues/20809
    at getErrorSpanForNode (tsserver.js:9383:22)
    at createDiagnosticForNodeInSourceFile (tsserver.js:9296:20)
    at Object.createDiagnosticForNode (tsserver.js:9287:16)
    at checkNode (tsserver.js:118152:36)
    at getRangeToExtract (tsserver.js:118071:53)
    at Object.getAvailableActions (tsserver.js:117879:38)
    at tsserver.js:112870:128
    at getIterator (tsserver.js:627:23)
    at Object.next (tsserver.js:622:35)
    at Object.arrayFrom (tsserver.js:1255:32)
    at Object.getApplicableRefactors (tsserver.js:112869:23)
    at Object.getApplicableRefactors (tsserver.js:122632:32)
    at IOSession.Session.getApplicableRefactors (tsserver.js:131393:53)
    at Session.handlers.ts.createMapFromTemplate._a.(anonymous function) (tsserver.js:130211:61)
    at tsserver.js:131637:88
    at IOSession.Session.executeWithRequestId (tsserver.js:131628:28)
    at IOSession.Session.executeCommand (tsserver.js:131637:33)
    at IOSession.Session.onMessage (tsserver.js:131659:35)
    at Interface.<anonymous> (tsserver.js:132950:27)
    at Interface.emit (events.js:182:13)
    at Interface._onLine (readline.js:290:10)
    at Interface._normalWrite (readline.js:433:12)
    at Socket.ondata (readline.js:149:10)
    at Socket.emit (events.js:182:13)
    at addChunk (_stream_readable.js:279:12)
    at readableAddChunk (_stream_readable.js:264:11)
    at Socket.Readable.push (_stream_readable.js:219:10)
    at Pipe.onread (net.js:636:20)
	at Function.create (/snap/code/9/usr/share/code/resources/app/extensions/typescript-language-features/dist/extension.js:1:197728)
	at v.dispatchResponse (/snap/code/9/usr/share/code/resources/app/extensions/typescript-language-features/dist/extension.js:1:203096)
	at v.dispatchMessage (/snap/code/9/usr/share/code/resources/app/extensions/typescript-language-features/dist/extension.js:1:201848)
	at constructor._reader.onData.e (/snap/code/9/usr/share/code/resources/app/extensions/typescript-language-features/dist/extension.js:1:201204)
	at u.fire (/snap/code/9/usr/share/code/resources/app/out/vs/workbench/services/extensions/node/extensionHostProcess.js:47:720)
	at t.Reader.onLengthData (/snap/code/9/usr/share/code/resources/app/extensions/typescript-language-features/dist/extension.js:1:206508)
	at Socket.t.Reader.constructor.e.on.e (/snap/code/9/usr/share/code/resources/app/extensions/typescript-language-features/dist/extension.js:1:206156)
	at Socket.emit (events.js:182:13)
	at addChunk (_stream_readable.js:279:12)
	at readableAddChunk (_stream_readable.js:264:11)
	at Socket.Readable.push (_stream_readable.js:219:10)
	at Pipe.onread (net.js:636:20)
[2019-07-01 20:11:56.416] [renderer1] [warning] Aborted onWillSaveTextDocument-event after 1750ms
[2019-07-01 20:12:09.412] [renderer1] [warning] UNRESPONSIVE extension host, 'vscode.typescript-language-features' took 71% of 673.874ms, saved PROFILE here: '/tmp/exthost-1c8b55.cpuprofile' [{"id":"self","total":162277,"percentage":24},{"id":"vscode.typescript-language-features","total":481601,"percentage":71}]
[2019-07-01 20:14:18.640] [renderer1] [warning] UNRESPONSIVE extension host, 'vscjava.vscode-java-pack' took 48% of 1191.895ms, saved PROFILE here: '/tmp/exthost-0d464c.cpuprofile' [{"id":"gc","total":176646,"percentage":15},{"id":"program","total":829,"percentage":0},{"id":"self","total":312451,"percentage":26},{"id":"VisualStudioExptTeam.vscodeintellicode","total":5891,"percentage":0},{"id":"vscjava.vscode-java-pack","total":572264,"percentage":48},{"id":"vscode.git","total":113657,"percentage":10}]
