[2019-07-02 07:53:09.346] [sharedprocess] [info] main {"machineId":"96494940a84f3a631d969e4f4e51729fa2591d3fdbc96464d25e3d9234d481fc"}
[2019-07-02 07:53:09.530] [sharedprocess] [info] Scanned user extensions: 13
[2019-07-02 07:53:09.708] [sharedprocess] [info] Scanned system extensions: 72
[2019-07-02 07:53:10.918] [sharedprocess] [info] Scanned user extensions: 13
[2019-07-02 07:53:11.145] [sharedprocess] [info] Scanned system extensions: 72
[2019-07-02 07:53:11.473] [sharedprocess] [info] Scanned user extensions: 13
[2019-07-02 07:53:11.658] [sharedprocess] [info] Scanned system extensions: 72
[2019-07-02 07:53:14.011] [sharedprocess] [info] Scanned user extensions: 13
[2019-07-02 07:53:49.254] [sharedprocess] [info] Starting to clean up unused language packs.
[2019-07-02 07:58:14.099] [sharedprocess] [info] Scanned user extensions: 13
[2019-07-02 08:03:14.155] [sharedprocess] [info] Scanned user extensions: 13
[2019-07-02 08:08:14.215] [sharedprocess] [info] Scanned user extensions: 13
[2019-07-02 08:13:14.279] [sharedprocess] [info] Scanned user extensions: 13
[2019-07-02 08:18:14.416] [sharedprocess] [info] Scanned user extensions: 13
[2019-07-02 08:22:06.054] [sharedprocess] [info] Scanned user extensions: 13
[2019-07-02 08:22:06.064] [sharedprocess] [info] Scanned user extensions: 13
[2019-07-02 08:22:06.068] [sharedprocess] [info] Scanned user extensions: 13
[2019-07-02 08:22:06.072] [sharedprocess] [info] Scanned user extensions: 13
[2019-07-02 08:22:06.286] [sharedprocess] [info] Scanned system extensions: 72
[2019-07-02 08:22:06.301] [sharedprocess] [info] Scanned system extensions: 72
[2019-07-02 08:22:06.313] [sharedprocess] [info] Scanned system extensions: 72
[2019-07-02 08:22:06.500] [sharedprocess] [info] Scanned user extensions: 13
[2019-07-02 08:22:06.577] [sharedprocess] [info] Scanned user extensions: 13
[2019-07-02 08:22:06.654] [sharedprocess] [info] Scanned user extensions: 13
[2019-07-02 08:22:06.743] [sharedprocess] [info] Scanned system extensions: 72
[2019-07-02 08:22:06.796] [sharedprocess] [info] Scanned system extensions: 72
[2019-07-02 08:22:06.816] [sharedprocess] [info] Scanned system extensions: 72
[2019-07-02 08:23:07.923] [sharedprocess] [info] Installing extension: equimper.react-native-react-redux
[2019-07-02 08:23:07.959] [sharedprocess] [info] Scanned user extensions: 13
[2019-07-02 08:23:08.367] [sharedprocess] [info] Downloaded extension: equimper.react-native-react-redux /tmp/4a3d3185-8c06-4a94-8898-35231fd158d7
[2019-07-02 08:23:08.520] [sharedprocess] [info] Extracted extension to /home/mhdrare/.vscode/extensions/.equimper.react-native-react-redux-2.0.3: equimper.react-native-react-redux
[2019-07-02 08:23:08.522] [sharedprocess] [info] Renamed to /home/mhdrare/.vscode/extensions/equimper.react-native-react-redux-2.0.3
[2019-07-02 08:23:08.525] [sharedprocess] [info] Installation completed. equimper.react-native-react-redux
[2019-07-02 08:23:08.574] [sharedprocess] [info] Extensions installed successfully: equimper.react-native-react-redux
[2019-07-02 08:23:14.518] [sharedprocess] [info] Scanned user extensions: 14
[2019-07-02 08:28:14.670] [sharedprocess] [info] Scanned user extensions: 14
[2019-07-02 08:33:14.734] [sharedprocess] [info] Scanned user extensions: 14
[2019-07-02 08:38:16.045] [sharedprocess] [info] Scanned user extensions: 14
[2019-07-02 08:43:16.135] [sharedprocess] [info] Scanned user extensions: 14
[2019-07-02 08:48:16.333] [sharedprocess] [info] Scanned user extensions: 14
[2019-07-02 08:53:17.118] [sharedprocess] [info] Scanned user extensions: 14
[2019-07-02 08:58:17.243] [sharedprocess] [info] Scanned user extensions: 14
[2019-07-02 09:03:17.312] [sharedprocess] [info] Scanned user extensions: 14
[2019-07-02 09:08:17.379] [sharedprocess] [info] Scanned user extensions: 14
[2019-07-02 09:13:17.454] [sharedprocess] [info] Scanned user extensions: 14
[2019-07-02 09:18:17.570] [sharedprocess] [info] Scanned user extensions: 14
[2019-07-02 09:23:17.634] [sharedprocess] [info] Scanned user extensions: 14
[2019-07-02 09:28:17.695] [sharedprocess] [info] Scanned user extensions: 14
[2019-07-02 09:33:17.760] [sharedprocess] [info] Scanned user extensions: 14
[2019-07-02 09:38:17.811] [sharedprocess] [info] Scanned user extensions: 14
[2019-07-02 09:43:17.877] [sharedprocess] [info] Scanned user extensions: 14
[2019-07-02 09:48:17.949] [sharedprocess] [info] Scanned user extensions: 14
[2019-07-02 09:53:18.127] [sharedprocess] [info] Scanned user extensions: 14
[2019-07-02 09:58:18.663] [sharedprocess] [info] Scanned user extensions: 14
[2019-07-02 10:03:19.089] [sharedprocess] [info] Scanned user extensions: 14
[2019-07-02 10:08:19.566] [sharedprocess] [info] Scanned user extensions: 14
[2019-07-02 10:13:19.969] [sharedprocess] [info] Scanned user extensions: 14
[2019-07-02 10:18:20.719] [sharedprocess] [info] Scanned user extensions: 14
[2019-07-02 10:23:22.907] [sharedprocess] [info] Scanned user extensions: 14
[2019-07-02 10:28:23.048] [sharedprocess] [info] Scanned user extensions: 14
[2019-07-02 10:33:23.125] [sharedprocess] [info] Scanned user extensions: 14
[2019-07-02 10:38:23.234] [sharedprocess] [info] Scanned user extensions: 14
[2019-07-02 10:43:23.456] [sharedprocess] [info] Scanned user extensions: 14
[2019-07-02 10:48:23.558] [sharedprocess] [info] Scanned user extensions: 14
[2019-07-02 10:53:45.317] [sharedprocess] [info] Scanned user extensions: 14
[2019-07-02 10:58:45.576] [sharedprocess] [info] Scanned user extensions: 14
[2019-07-02 11:03:45.675] [sharedprocess] [info] Scanned user extensions: 14
[2019-07-02 11:08:45.782] [sharedprocess] [info] Scanned user extensions: 14
[2019-07-02 11:13:45.847] [sharedprocess] [info] Scanned user extensions: 14
[2019-07-02 11:18:45.959] [sharedprocess] [info] Scanned user extensions: 14
[2019-07-02 11:23:46.025] [sharedprocess] [info] Scanned user extensions: 14
[2019-07-02 11:28:46.135] [sharedprocess] [info] Scanned user extensions: 14
[2019-07-02 11:33:46.195] [sharedprocess] [info] Scanned user extensions: 14
[2019-07-02 11:38:46.329] [sharedprocess] [info] Scanned user extensions: 14
[2019-07-02 11:43:46.645] [sharedprocess] [info] Scanned user extensions: 14
[2019-07-02 11:48:46.764] [sharedprocess] [info] Scanned user extensions: 14
[2019-07-02 11:53:48.042] [sharedprocess] [info] Scanned user extensions: 14
[2019-07-02 11:58:48.092] [sharedprocess] [info] Scanned user extensions: 14
[2019-07-02 12:03:48.150] [sharedprocess] [info] Scanned user extensions: 14
[2019-07-02 12:08:48.203] [sharedprocess] [info] Scanned user extensions: 14
[2019-07-02 12:13:48.267] [sharedprocess] [info] Scanned user extensions: 14
[2019-07-02 12:18:48.476] [sharedprocess] [info] Scanned user extensions: 14
[2019-07-02 12:23:48.620] [sharedprocess] [info] Scanned user extensions: 14
[2019-07-02 12:28:48.683] [sharedprocess] [info] Scanned user extensions: 14
[2019-07-02 12:33:48.760] [sharedprocess] [info] Scanned user extensions: 14
[2019-07-02 12:38:48.878] [sharedprocess] [info] Scanned user extensions: 14
[2019-07-02 12:43:48.940] [sharedprocess] [info] Scanned user extensions: 14
[2019-07-02 12:48:49.072] [sharedprocess] [info] Scanned user extensions: 14
[2019-07-02 12:53:49.464] [sharedprocess] [info] Scanned user extensions: 14
[2019-07-02 12:58:49.522] [sharedprocess] [info] Scanned user extensions: 14
[2019-07-02 13:03:49.615] [sharedprocess] [info] Scanned user extensions: 14
[2019-07-02 13:08:49.940] [sharedprocess] [info] Scanned user extensions: 14
[2019-07-02 13:13:50.058] [sharedprocess] [info] Scanned user extensions: 14
[2019-07-02 13:18:50.121] [sharedprocess] [info] Scanned user extensions: 14
[2019-07-02 13:23:50.175] [sharedprocess] [info] Scanned user extensions: 14
[2019-07-02 13:28:50.238] [sharedprocess] [info] Scanned user extensions: 14
[2019-07-02 13:33:50.343] [sharedprocess] [info] Scanned user extensions: 14
[2019-07-02 13:38:50.405] [sharedprocess] [info] Scanned user extensions: 14
[2019-07-02 13:43:50.460] [sharedprocess] [info] Scanned user extensions: 14
[2019-07-02 13:48:50.564] [sharedprocess] [info] Scanned user extensions: 14
[2019-07-02 13:53:50.817] [sharedprocess] [info] Scanned user extensions: 14
[2019-07-02 13:58:50.890] [sharedprocess] [info] Scanned user extensions: 14
[2019-07-02 14:03:50.956] [sharedprocess] [info] Scanned user extensions: 14
[2019-07-02 14:08:51.025] [sharedprocess] [info] Scanned user extensions: 14
[2019-07-02 14:13:51.085] [sharedprocess] [info] Scanned user extensions: 14
[2019-07-02 14:18:51.148] [sharedprocess] [info] Scanned user extensions: 14
[2019-07-02 14:23:51.213] [sharedprocess] [info] Scanned user extensions: 14
[2019-07-02 14:28:51.353] [sharedprocess] [info] Scanned user extensions: 14
[2019-07-02 14:33:51.408] [sharedprocess] [info] Scanned user extensions: 14
[2019-07-02 14:38:51.461] [sharedprocess] [info] Scanned user extensions: 14
[2019-07-02 14:43:52.298] [sharedprocess] [info] Scanned user extensions: 14
[2019-07-02 14:48:52.409] [sharedprocess] [info] Scanned user extensions: 14
[2019-07-02 14:53:53.460] [sharedprocess] [info] Scanned user extensions: 14
[2019-07-02 14:58:53.516] [sharedprocess] [info] Scanned user extensions: 14
[2019-07-02 15:03:54.345] [sharedprocess] [info] Scanned user extensions: 14
[2019-07-02 15:08:54.414] [sharedprocess] [info] Scanned user extensions: 14
[2019-07-02 15:13:55.041] [sharedprocess] [info] Scanned user extensions: 14
[2019-07-02 15:18:55.149] [sharedprocess] [info] Scanned user extensions: 14
[2019-07-02 15:23:55.981] [sharedprocess] [info] Scanned user extensions: 14
[2019-07-02 15:28:56.044] [sharedprocess] [info] Scanned user extensions: 14
[2019-07-02 15:33:56.099] [sharedprocess] [info] Scanned user extensions: 14
[2019-07-02 15:38:56.168] [sharedprocess] [info] Scanned user extensions: 14
[2019-07-02 15:43:57.008] [sharedprocess] [info] Scanned user extensions: 14
[2019-07-02 15:48:57.206] [sharedprocess] [info] Scanned user extensions: 14
[2019-07-02 15:53:58.127] [sharedprocess] [info] Scanned user extensions: 14
[2019-07-02 15:58:58.813] [sharedprocess] [info] Scanned user extensions: 14
[2019-07-02 16:03:59.656] [sharedprocess] [info] Scanned user extensions: 14
[2019-07-02 16:09:00.036] [sharedprocess] [info] Scanned user extensions: 14
[2019-07-02 16:14:00.087] [sharedprocess] [info] Scanned user extensions: 14
[2019-07-02 16:19:00.224] [sharedprocess] [info] Scanned user extensions: 14
[2019-07-02 16:24:00.929] [sharedprocess] [info] Scanned user extensions: 14
[2019-07-02 16:29:00.985] [sharedprocess] [info] Scanned user extensions: 14
[2019-07-02 16:34:01.376] [sharedprocess] [info] Scanned user extensions: 14
[2019-07-02 16:39:01.457] [sharedprocess] [info] Scanned user extensions: 14
[2019-07-02 16:44:01.513] [sharedprocess] [info] Scanned user extensions: 14
[2019-07-02 16:49:01.571] [sharedprocess] [info] Scanned user extensions: 14
[2019-07-02 16:54:02.017] [sharedprocess] [info] Scanned user extensions: 14
[2019-07-02 16:59:02.081] [sharedprocess] [info] Scanned user extensions: 14
[2019-07-02 17:04:02.139] [sharedprocess] [info] Scanned user extensions: 14
[2019-07-02 17:09:02.201] [sharedprocess] [info] Scanned user extensions: 14
[2019-07-02 17:14:02.263] [sharedprocess] [info] Scanned user extensions: 14
[2019-07-02 17:19:02.325] [sharedprocess] [info] Scanned user extensions: 14
[2019-07-02 17:24:02.421] [sharedprocess] [info] Scanned user extensions: 14
[2019-07-02 17:29:04.583] [sharedprocess] [info] Scanned user extensions: 14
[2019-07-02 17:34:05.034] [sharedprocess] [info] Scanned user extensions: 14
[2019-07-02 17:39:05.497] [sharedprocess] [info] Scanned user extensions: 14
[2019-07-02 17:44:05.595] [sharedprocess] [info] Scanned user extensions: 14
[2019-07-02 17:49:05.869] [sharedprocess] [info] Scanned user extensions: 14
[2019-07-02 17:54:17.513] [sharedprocess] [info] Scanned user extensions: 14
[2019-07-02 17:59:17.771] [sharedprocess] [info] Scanned user extensions: 14
[2019-07-02 18:04:18.643] [sharedprocess] [info] Scanned user extensions: 14
[2019-07-02 18:09:21.063] [sharedprocess] [info] Scanned user extensions: 14
[2019-07-02 18:14:22.021] [sharedprocess] [info] Scanned user extensions: 14
[2019-07-02 18:19:26.418] [sharedprocess] [info] Scanned user extensions: 14
[2019-07-02 18:24:29.336] [sharedprocess] [info] Scanned user extensions: 14
[2019-07-02 18:29:29.642] [sharedprocess] [info] Scanned user extensions: 14
[2019-07-02 18:34:30.427] [sharedprocess] [info] Scanned user extensions: 14
[2019-07-02 18:39:30.516] [sharedprocess] [info] Scanned user extensions: 14
[2019-07-02 18:44:33.855] [sharedprocess] [info] Scanned user extensions: 14
[2019-07-02 18:49:36.289] [sharedprocess] [info] Scanned user extensions: 14
[2019-07-02 18:54:41.723] [sharedprocess] [info] Scanned user extensions: 14
[2019-07-02 18:59:44.235] [sharedprocess] [info] Scanned user extensions: 14
[2019-07-02 19:04:49.744] [sharedprocess] [info] Scanned user extensions: 14
